Determining if the Q_WS_WIN exist failed with the following output:
Change Dir: /home/ferran/geocomp-proj/CGAL-4.3/CMakeFiles/CMakeTmp

Run Build Command:/usr/bin/make "cmTryCompileExec3339251718/fast"
/usr/bin/make -f CMakeFiles/cmTryCompileExec3339251718.dir/build.make CMakeFiles/cmTryCompileExec3339251718.dir/build
make[1]: Entering directory `/home/ferran/geocomp-proj/CGAL-4.3/CMakeFiles/CMakeTmp'
/usr/bin/cmake -E cmake_progress_report /home/ferran/geocomp-proj/CGAL-4.3/CMakeFiles/CMakeTmp/CMakeFiles 1
Building CXX object CMakeFiles/cmTryCompileExec3339251718.dir/CheckSymbolExists.cxx.o
/usr/bin/c++    -frounding-math   -I/usr/include/qt4    -o CMakeFiles/cmTryCompileExec3339251718.dir/CheckSymbolExists.cxx.o -c /home/ferran/geocomp-proj/CGAL-4.3/CMakeFiles/CMakeTmp/CheckSymbolExists.cxx
/home/ferran/geocomp-proj/CGAL-4.3/CMakeFiles/CMakeTmp/CheckSymbolExists.cxx: In function ‘int main(int, char**)’:
/home/ferran/geocomp-proj/CGAL-4.3/CMakeFiles/CMakeTmp/CheckSymbolExists.cxx:8:19: error: ‘Q_WS_WIN’ was not declared in this scope
   return ((int*)(&Q_WS_WIN))[argc];
                   ^
make[1]: *** [CMakeFiles/cmTryCompileExec3339251718.dir/CheckSymbolExists.cxx.o] Error 1
make[1]: Leaving directory `/home/ferran/geocomp-proj/CGAL-4.3/CMakeFiles/CMakeTmp'
make: *** [cmTryCompileExec3339251718/fast] Error 2

File /home/ferran/geocomp-proj/CGAL-4.3/CMakeFiles/CMakeTmp/CheckSymbolExists.cxx:
/* */
#include <QtCore/qglobal.h>

int main(int argc, char** argv)
{
  (void)argv;
#ifndef Q_WS_WIN
  return ((int*)(&Q_WS_WIN))[argc];
#else
  (void)argc;
  return 0;
#endif
}

Determining if the Q_WS_QWS exist failed with the following output:
Change Dir: /home/ferran/geocomp-proj/CGAL-4.3/CMakeFiles/CMakeTmp

Run Build Command:/usr/bin/make "cmTryCompileExec2889254308/fast"
/usr/bin/make -f CMakeFiles/cmTryCompileExec2889254308.dir/build.make CMakeFiles/cmTryCompileExec2889254308.dir/build
make[1]: Entering directory `/home/ferran/geocomp-proj/CGAL-4.3/CMakeFiles/CMakeTmp'
/usr/bin/cmake -E cmake_progress_report /home/ferran/geocomp-proj/CGAL-4.3/CMakeFiles/CMakeTmp/CMakeFiles 1
Building CXX object CMakeFiles/cmTryCompileExec2889254308.dir/CheckSymbolExists.cxx.o
/usr/bin/c++    -frounding-math   -I/usr/include/qt4    -o CMakeFiles/cmTryCompileExec2889254308.dir/CheckSymbolExists.cxx.o -c /home/ferran/geocomp-proj/CGAL-4.3/CMakeFiles/CMakeTmp/CheckSymbolExists.cxx
/home/ferran/geocomp-proj/CGAL-4.3/CMakeFiles/CMakeTmp/CheckSymbolExists.cxx: In function ‘int main(int, char**)’:
/home/ferran/geocomp-proj/CGAL-4.3/CMakeFiles/CMakeTmp/CheckSymbolExists.cxx:8:19: error: ‘Q_WS_QWS’ was not declared in this scope
   return ((int*)(&Q_WS_QWS))[argc];
                   ^
make[1]: *** [CMakeFiles/cmTryCompileExec2889254308.dir/CheckSymbolExists.cxx.o] Error 1
make[1]: Leaving directory `/home/ferran/geocomp-proj/CGAL-4.3/CMakeFiles/CMakeTmp'
make: *** [cmTryCompileExec2889254308/fast] Error 2

File /home/ferran/geocomp-proj/CGAL-4.3/CMakeFiles/CMakeTmp/CheckSymbolExists.cxx:
/* */
#include <QtCore/qglobal.h>

int main(int argc, char** argv)
{
  (void)argv;
#ifndef Q_WS_QWS
  return ((int*)(&Q_WS_QWS))[argc];
#else
  (void)argc;
  return 0;
#endif
}

Determining if the Q_WS_MAC exist failed with the following output:
Change Dir: /home/ferran/geocomp-proj/CGAL-4.3/CMakeFiles/CMakeTmp

Run Build Command:/usr/bin/make "cmTryCompileExec1837534629/fast"
/usr/bin/make -f CMakeFiles/cmTryCompileExec1837534629.dir/build.make CMakeFiles/cmTryCompileExec1837534629.dir/build
make[1]: Entering directory `/home/ferran/geocomp-proj/CGAL-4.3/CMakeFiles/CMakeTmp'
/usr/bin/cmake -E cmake_progress_report /home/ferran/geocomp-proj/CGAL-4.3/CMakeFiles/CMakeTmp/CMakeFiles 1
Building CXX object CMakeFiles/cmTryCompileExec1837534629.dir/CheckSymbolExists.cxx.o
/usr/bin/c++    -frounding-math   -I/usr/include/qt4    -o CMakeFiles/cmTryCompileExec1837534629.dir/CheckSymbolExists.cxx.o -c /home/ferran/geocomp-proj/CGAL-4.3/CMakeFiles/CMakeTmp/CheckSymbolExists.cxx
/home/ferran/geocomp-proj/CGAL-4.3/CMakeFiles/CMakeTmp/CheckSymbolExists.cxx: In function ‘int main(int, char**)’:
/home/ferran/geocomp-proj/CGAL-4.3/CMakeFiles/CMakeTmp/CheckSymbolExists.cxx:8:19: error: ‘Q_WS_MAC’ was not declared in this scope
   return ((int*)(&Q_WS_MAC))[argc];
                   ^
make[1]: *** [CMakeFiles/cmTryCompileExec1837534629.dir/CheckSymbolExists.cxx.o] Error 1
make[1]: Leaving directory `/home/ferran/geocomp-proj/CGAL-4.3/CMakeFiles/CMakeTmp'
make: *** [cmTryCompileExec1837534629/fast] Error 2

File /home/ferran/geocomp-proj/CGAL-4.3/CMakeFiles/CMakeTmp/CheckSymbolExists.cxx:
/* */
#include <QtCore/qglobal.h>

int main(int argc, char** argv)
{
  (void)argv;
#ifndef Q_WS_MAC
  return ((int*)(&Q_WS_MAC))[argc];
#else
  (void)argc;
  return 0;
#endif
}

